<?xml version="1.0" encoding="UTF-8"?>
<testng-results ignored="0" total="1" passed="1" failed="0" skipped="0">
  <reporter-output>
  </reporter-output>
  <suite started-at="2021-12-13T15:48:50 IST" name="Default suite" finished-at="2021-12-13T15:48:56 IST" duration-ms="6359">
    <groups>
    </groups>
    <test started-at="2021-12-13T15:48:50 IST" name="Default test" finished-at="2021-12-13T15:48:56 IST" duration-ms="6359">
      <class name="com.rmgyantra.authenticationTest.oAuthTest">
        <test-method signature="oAuth()[pri:0, instance:com.rmgyantra.authenticationTest.oAuthTest@63a12c68]" started-at="2021-12-13T15:48:50 IST" name="oAuth" finished-at="2021-12-13T15:48:56 IST" duration-ms="6273" status="PASS">
          <reporter-output>
          </reporter-output>
        </test-method> <!-- oAuth -->
      </class> <!-- com.rmgyantra.authenticationTest.oAuthTest -->
    </test> <!-- Default test -->
  </suite> <!-- Default suite -->
</testng-results>
