<?xml version="1.0" encoding="UTF-8"?>
<testng-results ignored="0" total="1" passed="1" failed="0" skipped="0">
  <reporter-output>
  </reporter-output>
  <suite started-at="2021-12-16T09:42:53 IST" name="Default suite" finished-at="2021-12-16T09:43:03 IST" duration-ms="9860">
    <groups>
    </groups>
    <test started-at="2021-12-16T09:42:53 IST" name="Default test" finished-at="2021-12-16T09:43:03 IST" duration-ms="9860">
      <class name="com.rmgyantra.authenticationTest.oAuthTest">
        <test-method signature="oAuth()[pri:0, instance:com.rmgyantra.authenticationTest.oAuthTest@fba92d3]" started-at="2021-12-16T09:42:53 IST" name="oAuth" finished-at="2021-12-16T09:43:03 IST" duration-ms="9692" status="PASS">
          <reporter-output>
          </reporter-output>
        </test-method> <!-- oAuth -->
      </class> <!-- com.rmgyantra.authenticationTest.oAuthTest -->
    </test> <!-- Default test -->
  </suite> <!-- Default suite -->
</testng-results>
